<?xml version="1.0" encoding="utf-8"?><testsuites><testsuite errors="0" failures="0" hostname="LAPTOP-CGROQ9OG" name="pytest" skipped="0" tests="5" time="3.370" timestamp="2020-07-09T10:30:22.469957"><testcase classname="test_submit" file="test_submit.py" line="3" name="test_q1" time="0.008"></testcase><testcase classname="test_submit" file="test_submit.py" line="9" name="test_q2" time="0.006"></testcase><testcase classname="test_submit" file="test_submit.py" line="15" name="test_q3" time="0.002"></testcase><testcase classname="test_submit" file="test_submit.py" line="21" name="test_q4" time="0.007"></testcase><testcase classname="test_submit" file="test_submit.py" line="27" name="test_q5" time="0.008"></testcase></testsuite></testsuites>